#Packing pin usage report
Type: io
	Input Pin Usage:
		Max: 1.00 (0.50)
		Avg: 0.89 (0.44)
		Min: 0.00 (0.00)
		Histogram:
		[        0:      0.2)  8 (11.3%) |******
		[      0.2:      0.4)  0 ( 0.0%) |
		[      0.4:      0.6)  0 ( 0.0%) |
		[      0.6:      0.8)  0 ( 0.0%) |
		[      0.8:        1) 63 (88.7%) |************************************************
		[        1:      1.2)  0 ( 0.0%) |
		[      1.2:      1.4)  0 ( 0.0%) |
		[      1.4:      1.6)  0 ( 0.0%) |
		[      1.6:      1.8)  0 ( 0.0%) |
		[      1.8:        2)  0 ( 0.0%) |
	Output Pin Usage:
		Max: 1.00 (1.00)
		Avg: 0.11 (0.11)
		Min: 0.00 (0.00)
		Histogram:
		[        0:      0.1) 63 (88.7%) |************************************************
		[      0.1:      0.2)  0 ( 0.0%) |
		[      0.2:      0.3)  0 ( 0.0%) |
		[      0.3:      0.4)  0 ( 0.0%) |
		[      0.4:      0.5)  0 ( 0.0%) |
		[      0.5:      0.6)  0 ( 0.0%) |
		[      0.6:      0.7)  0 ( 0.0%) |
		[      0.7:      0.8)  0 ( 0.0%) |
		[      0.8:      0.9)  0 ( 0.0%) |
		[      0.9:        1)  8 (11.3%) |******

Type: clb
	Input Pin Usage:
		Max: 8.00 (0.73)
		Avg: 7.33 (0.67)
		Min: 3.00 (0.27)
		Histogram:
		[        0:      1.1)   0 ( 0.0%) |
		[      1.1:      2.2)   0 ( 0.0%) |
		[      2.2:      3.3)   3 ( 0.9%) |*
		[      3.3:      4.4)   7 ( 2.1%) |**
		[      4.4:      5.5)   9 ( 2.7%) |**
		[      5.5:      6.6)  23 ( 6.8%) |******
		[      6.6:      7.7) 109 (32.4%) |****************************
		[      7.7:      8.8) 185 (55.1%) |***********************************************
		[      8.8:      9.9)   0 ( 0.0%) |
		[      9.9:       11)   0 ( 0.0%) |
	Output Pin Usage:
		Max: 4.00 (1.00)
		Avg: 2.63 (0.66)
		Min: 1.00 (0.25)
		Histogram:
		[        0:      0.4)  0 ( 0.0%) |
		[      0.4:      0.8)  0 ( 0.0%) |
		[      0.8:      1.2) 62 (18.5%) |********************************
		[      1.2:      1.6)  0 ( 0.0%) |
		[      1.6:        2) 93 (27.7%) |************************************************
		[        2:      2.4)  0 ( 0.0%) |
		[      2.4:      2.8)  0 ( 0.0%) |
		[      2.8:      3.2) 88 (26.2%) |*********************************************
		[      3.2:      3.6)  0 ( 0.0%) |
		[      3.6:        4) 93 (27.7%) |************************************************

